Unity Editor version:    2021.3.11f1 (0a5ca18544bf)
Branch:                  2021.3/staging
Build type:              Release
Batch mode:              YES
macOS version:           Version 13.0.1 (Build 22A400)
Darwin version:          22.1.0
Architecture:            x86_64
Running under Rosetta:   YES
Available memory:        8192 MB
Using pre-set license
Pro License: YES

COMMAND LINE ARGUMENTS:
/Applications/Unity/Unity.app/Contents/MacOS/Unity
-adb2
-batchMode
-noUpm
-name
AssetImportWorker0
-projectPath
/Users/joshthagoat/Documents/GitHub/Det1Josh/Cell 2
-logFile
Logs/AssetImportWorker0.log
-srvPort
64571
Successfully changed project path to: /Users/joshthagoat/Documents/GitHub/Det1Josh/Cell 2
/Users/joshthagoat/Documents/GitHub/Det1Josh/Cell 2
[UnityMemory] Configuration Parameters - Can be set up in boot.config
    "memorysetup-bucket-allocator-granularity=16"
    "memorysetup-bucket-allocator-bucket-count=8"
    "memorysetup-bucket-allocator-block-size=33554432"
    "memorysetup-bucket-allocator-block-count=8"
    "memorysetup-main-allocator-block-size=16777216"
    "memorysetup-thread-allocator-block-size=16777216"
    "memorysetup-gfx-main-allocator-block-size=16777216"
    "memorysetup-gfx-thread-allocator-block-size=16777216"
    "memorysetup-cache-allocator-block-size=4194304"
    "memorysetup-typetree-allocator-block-size=2097152"
    "memorysetup-profiler-bucket-allocator-granularity=16"
    "memorysetup-profiler-bucket-allocator-bucket-count=8"
    "memorysetup-profiler-bucket-allocator-block-size=33554432"
    "memorysetup-profiler-bucket-allocator-block-count=8"
    "memorysetup-profiler-allocator-block-size=16777216"
    "memorysetup-profiler-editor-allocator-block-size=1048576"
    "memorysetup-temp-allocator-size-main=16777216"
    "memorysetup-job-temp-allocator-block-size=2097152"
    "memorysetup-job-temp-allocator-block-size-background=1048576"
    "memorysetup-job-temp-allocator-reduction-small-platforms=262144"
    "memorysetup-temp-allocator-size-background-worker=32768"
    "memorysetup-temp-allocator-size-job-worker=262144"
    "memorysetup-temp-allocator-size-preload-manager=33554432"
    "memorysetup-temp-allocator-size-nav-mesh-worker=65536"
    "memorysetup-temp-allocator-size-audio-worker=65536"
    "memorysetup-temp-allocator-size-cloud-worker=32768"
    "memorysetup-temp-allocator-size-gi-baking-worker=262144"
    "memorysetup-temp-allocator-size-gfx=262144"
Refreshing native plugins compatible for Editor in 116.69 ms, found 2 plugins.
Preloading 0 native plugins for Editor in 0.00 ms.
Initialize engine version: 2021.3.11f1 (0a5ca18544bf)
[Subsystems] Discovering subsystems at path /Applications/Unity/Unity.app/Contents/Resources/UnitySubsystems
[Subsystems] Discovering subsystems at path /Users/joshthagoat/Documents/GitHub/Det1Josh/Cell 2/Assets
GfxDevice: creating device client; threaded=0; jobified=0
 preferred device: Apple M1 (high power)
Metal devices available: 1
0: Apple M1 (high power)
Using device Apple M1 (high power)
Initializing Metal device caps: Apple M1
Initialize mono
Mono path[0] = '/Applications/Unity/Unity.app/Contents/Managed'
Mono path[1] = '/Applications/Unity/Unity.app/Contents/MonoBleedingEdge/lib/mono/unityjit-macos'
Mono config path = '/Applications/Unity/Unity.app/Contents/MonoBleedingEdge/etc'
Using monoOptions --debugger-agent=transport=dt_socket,embedding=1,server=y,suspend=n,address=127.0.0.1:56916
Begin MonoManager ReloadAssembly
Registering precompiled unity dll's ...
Register platform support module: /Applications/Unity/Unity.app/Contents/PlaybackEngines/MacStandaloneSupport/UnityEditor.OSXStandalone.Extensions.dll
Registered in 0.001738 seconds.
Native extension for OSXStandalone target not found
Refreshing native plugins compatible for Editor in 96.18 ms, found 2 plugins.
Preloading 0 native plugins for Editor in 0.00 ms.
Mono: successfully reloaded assembly
- Completed reload, in  1.472 seconds
Domain Reload Profiling:
	ReloadAssembly (1474ms)
		BeginReloadAssembly (190ms)
			ExecutionOrderSort (0ms)
			DisableScriptedObjects (0ms)
			BackupInstance (0ms)
			ReleaseScriptingObjects (0ms)
			CreateAndSetChildDomain (3ms)
		EndReloadAssembly (1025ms)
			LoadAssemblies (187ms)
			RebuildTransferFunctionScriptingTraits (2ms)
			SetupTypeCache (115ms)
			ReleaseScriptCaches (0ms)
			RebuildScriptCaches (31ms)
			SetupLoadedEditorAssemblies (739ms)
				LogAssemblyErrors (0ms)
				InitializePlatformSupportModulesInManaged (17ms)
				SetLoadedEditorAssemblies (0ms)
				RefreshPlugins (96ms)
				BeforeProcessingInitializeOnLoad (3ms)
				ProcessInitializeOnLoadAttributes (461ms)
				ProcessInitializeOnLoadMethodAttributes (160ms)
				AfterProcessingInitializeOnLoad (0ms)
				EditorAssembliesLoaded (1ms)
			ExecutionOrderSort2 (0ms)
			AwakeInstancesAfterBackupRestoration (0ms)
Platform modules already initialized, skipping
Registering precompiled user dll's ...
Registered in 0.006547 seconds.
Begin MonoManager ReloadAssembly
Symbol file LoadedFromMemory doesn't match image /Users/joshthagoat/Documents/GitHub/Det1Josh/Cell 2/Library/PackageCache/com.unity.visualscripting@1.7.8/Editor/VisualScripting.Core/Dependencies/YamlDotNet/Unity.VisualScripting.YamlDotNet.dll
Symbol file LoadedFromMemory doesn't match image /Users/joshthagoat/Documents/GitHub/Det1Josh/Cell 2/Library/PackageCache/com.unity.visualscripting@1.7.8/Editor/VisualScripting.Core/Dependencies/DotNetZip/Unity.VisualScripting.IonicZip.dll
Native extension for OSXStandalone target not found
Refreshing native plugins compatible for Editor in 0.60 ms, found 2 plugins.
Preloading 0 native plugins for Editor in 0.00 ms.
Mono: successfully reloaded assembly
- Completed reload, in  2.262 seconds
Domain Reload Profiling:
	ReloadAssembly (2265ms)
		BeginReloadAssembly (217ms)
			ExecutionOrderSort (0ms)
			DisableScriptedObjects (33ms)
			BackupInstance (0ms)
			ReleaseScriptingObjects (0ms)
			CreateAndSetChildDomain (17ms)
		EndReloadAssembly (1787ms)
			LoadAssemblies (168ms)
			RebuildTransferFunctionScriptingTraits (0ms)
			SetupTypeCache (272ms)
			ReleaseScriptCaches (2ms)
			RebuildScriptCaches (59ms)
			SetupLoadedEditorAssemblies (1150ms)
				LogAssemblyErrors (0ms)
				InitializePlatformSupportModulesInManaged (13ms)
				SetLoadedEditorAssemblies (1ms)
				RefreshPlugins (1ms)
				BeforeProcessingInitializeOnLoad (128ms)
				ProcessInitializeOnLoadAttributes (894ms)
				ProcessInitializeOnLoadMethodAttributes (112ms)
				AfterProcessingInitializeOnLoad (1ms)
				EditorAssembliesLoaded (0ms)
			ExecutionOrderSort2 (0ms)
			AwakeInstancesAfterBackupRestoration (11ms)
Platform modules already initialized, skipping
========================================================================
Worker process is ready to serve import requests
Launching external process: /Applications/Unity/Unity.app/Contents/Tools/UnityShaderCompiler
Launched and connected shader compiler UnityShaderCompiler after 0.35 seconds
Refreshing native plugins compatible for Editor in 0.58 ms, found 2 plugins.
Preloading 0 native plugins for Editor in 0.00 ms.
Unloading 3380 Unused Serialized files (Serialized files now loaded: 0)
Unloading 27 unused Assets / (84.9 KB). Loaded Objects now: 3837.
Memory consumption went from 108.8 MB to 108.7 MB.
Total: 3.795917 ms (FindLiveObjects: 0.430333 ms CreateObjectMapping: 0.089333 ms MarkObjects: 3.132833 ms  DeleteObjects: 0.142416 ms)

AssetImportParameters requested are different than current active one (requested -> active):
  custom:video-decoder-ogg-theora: a1e56fd34408186e4bbccfd4996cb3dc -> 
  custom:container-muxer-webm: aa71ff27fc2769a1b78a27578f13a17b -> 
  custom:container-demuxer-webm: 4f35f7cbe854078d1ac9338744f61a02 -> 
  custom:video-encoder-webm-vp8: eb34c28f22e8b96e1ab97ce403110664 -> 
  custom:framework-osx-AVFoundation: e770b220cccbd017edd2c1fefb359320 -> 
  custom:audio-encoder-webm-vorbis: bf7c407c2cedff20999df2af8eb42d56 -> 
  custom:container-demuxer-ogg: 62fdf1f143b41e24485cea50d1cbac27 -> 
  custom:video-decoder-webm-vp8: 9c59270c3fd7afecdb556c50c9e8de78 -> 
  custom:audio-decoder-ogg-vorbis: bf7c407c2cedff20999df2af8eb42d56 -> 
========================================================================
Received Import Request.
  Time since last request: 67378.545180 seconds.
  path: Assets/Avatares/perfect cell
  artifactKey: Guid(d47ac0c082bae4dd3983d06e3b151761) Importer(815301076,1909f56bfc062723c751e8b465ee728b)
Start importing Assets/Avatares/perfect cell using Guid(d47ac0c082bae4dd3983d06e3b151761) Importer(815301076,1909f56bfc062723c751e8b465ee728b)  -> (artifact id: 'ac27efa6f70c1954a9f844d3ca5b7b7c') in 0.011691 seconds 
========================================================================
Received Import Request.
  Time since last request: 0.000167 seconds.
  path: Assets/Avatares/perfect cell/Perfect Cell
  artifactKey: Guid(cc7b187a2e2d6fd40851c5fc1a8bfc1c) Importer(815301076,1909f56bfc062723c751e8b465ee728b)
Start importing Assets/Avatares/perfect cell/Perfect Cell using Guid(cc7b187a2e2d6fd40851c5fc1a8bfc1c) Importer(815301076,1909f56bfc062723c751e8b465ee728b)  -> (artifact id: '3c8c76056ddf378f9cddf3a2e9ed06d9') in 0.001559 seconds 
========================================================================
Received Import Request.
  Time since last request: 0.000108 seconds.
  path: Assets/Scenes/SampleScene.unity
  artifactKey: Guid(9fc0d4010bbf28b4594072e72b8655ab) Importer(815301076,1909f56bfc062723c751e8b465ee728b)
Start importing Assets/Scenes/SampleScene.unity using Guid(9fc0d4010bbf28b4594072e72b8655ab) Importer(815301076,1909f56bfc062723c751e8b465ee728b)  -> (artifact id: 'e55ccaa32d8e5c1de03c07a5412c8c3c') in 0.001331 seconds 
========================================================================
Received Import Request.
  Time since last request: 0.000084 seconds.
  path: Assets/Avatares/perfect cell/Perfect Cell/Body(Clone)_Quality_96.382.asset
  artifactKey: Guid(016f06392d0632b48a058cf7f98c6093) Importer(815301076,1909f56bfc062723c751e8b465ee728b)
Start importing Assets/Avatares/perfect cell/Perfect Cell/Body(Clone)_Quality_96.382.asset using Guid(016f06392d0632b48a058cf7f98c6093) Importer(815301076,1909f56bfc062723c751e8b465ee728b)  -> (artifact id: '0646a3307cb5e5df412e74233a8199f3') in 1.417948 seconds 
========================================================================
Received Import Request.
  Time since last request: 29.367524 seconds.
  path: Assets/Avatares/perfect cell/Perfect Cell/fbx.fbx
  artifactKey: Guid(e3f6a2bc9e962d5499b2bbcc7b127560) Importer(815301076,1909f56bfc062723c751e8b465ee728b)
Start importing Assets/Avatares/perfect cell/Perfect Cell/fbx.fbx using Guid(e3f6a2bc9e962d5499b2bbcc7b127560) Importer(815301076,1909f56bfc062723c751e8b465ee728b)  -> (artifact id: '4c20d1938fdaafe3616eeda1a53d7ac9') in 0.567675 seconds 
========================================================================
Received Import Request.
  Time since last request: 12.761222 seconds.
  path: Assets/Avatares/perfect cell/Perfect Cell/fbx.fbx
  artifactKey: Guid(e3f6a2bc9e962d5499b2bbcc7b127560) Importer(815301076,1909f56bfc062723c751e8b465ee728b)
Start importing Assets/Avatares/perfect cell/Perfect Cell/fbx.fbx using Guid(e3f6a2bc9e962d5499b2bbcc7b127560) Importer(815301076,1909f56bfc062723c751e8b465ee728b)  -> (artifact id: '87b481f970d305a98f24160b96a64faa') in 0.089138 seconds 
========================================================================
Received Import Request.
  Time since last request: 44.825672 seconds.
  path: Assets/Avatares/perfect cell/Perfect Cell/Texturas
  artifactKey: Guid(2cf1171bbfa262f4da1ca668b5a7c8e9) Importer(815301076,1909f56bfc062723c751e8b465ee728b)
Start importing Assets/Avatares/perfect cell/Perfect Cell/Texturas using Guid(2cf1171bbfa262f4da1ca668b5a7c8e9) Importer(815301076,1909f56bfc062723c751e8b465ee728b)  -> (artifact id: '0a348edd74d94987680878b4a77ad9a9') in 0.013756 seconds 
========================================================================
Received Import Request.
  Time since last request: 0.002006 seconds.
  path: Assets/Avatares/perfect cell/Perfect Cell/Texturas/face.png
  artifactKey: Guid(015e56fdca65be140916ea538ed7b236) Importer(815301076,1909f56bfc062723c751e8b465ee728b)
Start importing Assets/Avatares/perfect cell/Perfect Cell/Texturas/face.png using Guid(015e56fdca65be140916ea538ed7b236) Importer(815301076,1909f56bfc062723c751e8b465ee728b)  -> (artifact id: '83c83bbb156c3bf1b8330ccdaa1731a5') in 0.631632 seconds 
========================================================================
Received Import Request.
  Time since last request: 0.000087 seconds.
  path: Assets/Avatares/perfect cell/Perfect Cell/Texturas/New Material 1.mat
  artifactKey: Guid(5086be585f3e0fc43a25a0c2299d3fc4) Importer(815301076,1909f56bfc062723c751e8b465ee728b)
Start importing Assets/Avatares/perfect cell/Perfect Cell/Texturas/New Material 1.mat using Guid(5086be585f3e0fc43a25a0c2299d3fc4) Importer(815301076,1909f56bfc062723c751e8b465ee728b)  -> (artifact id: '1622bece81455f0c623dce0bc166197c') in 0.139393 seconds 
========================================================================
Received Import Request.
  Time since last request: 170.098601 seconds.
  path: Assets/Avatares/perfect cell/Perfect Cell/Texturas/NewSurfaceShader.shader
  artifactKey: Guid(946037ccafca44a45b1d9ef5b0a5e9fe) Importer(815301076,1909f56bfc062723c751e8b465ee728b)
Start importing Assets/Avatares/perfect cell/Perfect Cell/Texturas/NewSurfaceShader.shader using Guid(946037ccafca44a45b1d9ef5b0a5e9fe) Importer(815301076,1909f56bfc062723c751e8b465ee728b)  -> (artifact id: 'fa16d2946f335ac82a88081908da199e') in 0.134763 seconds 
========================================================================
Received Import Request.
  Time since last request: 70.195820 seconds.
  path: Assets/Avatares/perfect cell/Perfect Cell/Texturas/Eye.shader
  artifactKey: Guid(946037ccafca44a45b1d9ef5b0a5e9fe) Importer(815301076,1909f56bfc062723c751e8b465ee728b)
Start importing Assets/Avatares/perfect cell/Perfect Cell/Texturas/Eye.shader using Guid(946037ccafca44a45b1d9ef5b0a5e9fe) Importer(815301076,1909f56bfc062723c751e8b465ee728b)  -> (artifact id: 'c87e5befa129d6bb772444c8cd2fcfa3') in 0.029873 seconds 
========================================================================
Received Import Request.
  Time since last request: 52.173232 seconds.
  path: Assets/Avatares/perfect cell/Perfect Cell/Texturas/NewSurfaceShader.shader
  artifactKey: Guid(9a1b7446ace1c4598a41f653a46bb28c) Importer(815301076,1909f56bfc062723c751e8b465ee728b)
Start importing Assets/Avatares/perfect cell/Perfect Cell/Texturas/NewSurfaceShader.shader using Guid(9a1b7446ace1c4598a41f653a46bb28c) Importer(815301076,1909f56bfc062723c751e8b465ee728b)  -> (artifact id: 'e57616dc62eb7fc77c91c05aa197d6fb') in 0.036534 seconds 
========================================================================
Received Import Request.
  Time since last request: 52.324187 seconds.
  path: Assets/Avatares/perfect cell/Perfect Cell/Texturas/Bust.shader
  artifactKey: Guid(67f420c887cb74c0eb803e95feb2020d) Importer(815301076,1909f56bfc062723c751e8b465ee728b)
Start importing Assets/Avatares/perfect cell/Perfect Cell/Texturas/Bust.shader using Guid(67f420c887cb74c0eb803e95feb2020d) Importer(815301076,1909f56bfc062723c751e8b465ee728b)  -> (artifact id: 'a66d3b0be7378e518bf35242429d5ab7') in 0.023034 seconds 
